<?xml version="1.0" encoding="UTF-8"?>
<testsuite xmlns:xsi="http://www.w3.org/2001/XMLSchema-instance" xsi:noNamespaceSchemaLocation="https://maven.apache.org/surefire/maven-surefire-plugin/xsd/surefire-test-report-3.0.xsd" version="3.0" name="com.example.app.department.DepartmentControllerIntegrationTest" time="4.77" tests="30" errors="0" skipped="0" failures="0">
  <properties>
[...]
</properties>
  <testcase name="should_return_404_when_entity_is_not_found_by_id" classname="com.example.app.department.DepartmentControllerIntegrationTest" time="0.148">
    <system-out><![CDATA[12:05:56.797 INFO  [-] o.s.t.c.s.AnnotationConfigContextLoaderUtils - Could not detect default configuration classes for test class [com.example.app.department.DepartmentControllerIntegrationTest]: DepartmentControllerIntegrationTest does not declare any static, non-private, non-final, nested classes annotated with @Configuration.
12:05:56.801 INFO  [-] o.s.b.t.c.SpringBootTestContextBootstrapper - Found @SpringBootConfiguration com.example.app.Application for test class com.example.app.department.DepartmentControllerIntegrationTest
12:05:56.805 INFO  [-] tc.postgres:16-alpine - Creating container for image: postgres:16-alpine
12:05:56.852 INFO  [-] tc.postgres:16-alpine - Container postgres:16-alpine is starting: 494f4cb59a5309026664d64a012b169c17577faf20339bcee123187a29af61ef
12:05:57.636 INFO  [-] tc.postgres:16-alpine - Container postgres:16-alpine started in PT0.830536S
12:05:57.637 INFO  [-] tc.postgres:16-alpine - Container is started (JDBC URL: jdbc:postgresql://localhost:49507/test?loggerLevel=OFF)

  .   ____          _            __ _ _
 /\\ / ___'_ __ _ _(_)_ __  __ _ \ \ \ \
( ( )\___ | '_ | '_| | '_ \/ _` | \ \ \ \
 \\/  ___)| |_)| | | | | || (_| |  ) ) ) )
  '  |____| .__|_| |_|_| |_\__, | / / / /
 =========|_|==============|___/=/_/_/_/

 :: Spring Boot ::                (v3.3.4)

12:05:57.672 INFO  [-] c.e.a.d.DepartmentControllerIntegrationTest - Starting DepartmentControllerIntegrationTest using Java 24.0.2 with PID 66287 (started by techverito in /Users/techverito/Desktop/employee-management/generated/employee-management)
12:05:57.672 INFO  [-] c.e.a.d.DepartmentControllerIntegrationTest - No active profile set, falling back to 1 default profile: "default"
12:05:57.850 INFO  [-] o.s.d.r.c.RepositoryConfigurationDelegate - Bootstrapping Spring Data JPA repositories in DEFAULT mode.
12:05:57.868 INFO  [-] o.s.d.r.c.RepositoryConfigurationDelegate - Finished Spring Data repository scanning in 17 ms. Found 5 JPA repository interfaces.
12:05:58.569 INFO  [-] com.zaxxer.hikari.HikariDataSource - HikariPool-7 - Starting...
12:05:58.670 INFO  [-] com.zaxxer.hikari.pool.HikariPool - HikariPool-7 - Added connection org.postgresql.jdbc.PgConnection@446782b2
12:05:58.674 INFO  [-] com.zaxxer.hikari.HikariDataSource - HikariPool-7 - Start completed.
12:05:58.686 INFO  [-] org.flywaydb.core.FlywayExecutor - Database: jdbc:postgresql://localhost:49507/test (PostgreSQL 16.11)
12:05:58.714 INFO  [-] o.f.c.i.s.JdbcTableSchemaHistory - Schema history table "public"."flyway_schema_history" does not exist yet
12:05:58.720 INFO  [-] o.f.core.internal.command.DbValidate - Successfully validated 1 migration (execution time 00:00.014s)
12:05:58.731 INFO  [-] o.f.c.i.s.JdbcTableSchemaHistory - Creating Schema History table "public"."flyway_schema_history" ...
12:05:58.776 INFO  [-] o.f.core.internal.command.DbMigrate - Current version of schema "public": << Empty Schema >>
12:05:58.783 INFO  [-] o.f.core.internal.command.DbMigrate - Migrating schema "public" to version "1 - init schema"
12:05:58.806 INFO  [-] o.f.core.internal.command.DbMigrate - Successfully applied 1 migration to schema "public", now at version v1 (execution time 00:00.014s)
12:05:58.912 INFO  [-] o.h.jpa.internal.util.LogHelper - HHH000204: Processing PersistenceUnitInfo [name: default]
12:05:58.924 INFO  [-] o.h.c.i.RegionFactoryInitiator - HHH000026: Second-level cache disabled
12:05:58.962 INFO  [-] o.s.o.j.p.SpringPersistenceUnitInfo - No LoadTimeWeaver setup: ignoring JPA class transformer
12:05:59.362 INFO  [-] o.h.e.t.j.p.i.JtaPlatformInitiator - HHH000489: No JTA platform available (set 'hibernate.transaction.jta.platform' to enable JTA platform integration)
12:05:59.367 WARN  [-] o.h.e.jdbc.spi.SqlExceptionHelper - SQL Warning Code: 0, SQLState: 00000
12:05:59.367 WARN  [-] o.h.e.jdbc.spi.SqlExceptionHelper - constraint "fkgy4qe3dnqrm3ktd76sxp7n4c2" of relation "employees" does not exist, skipping
12:05:59.369 WARN  [-] o.h.e.jdbc.spi.SqlExceptionHelper - SQL Warning Code: 0, SQLState: 00000
12:05:59.369 WARN  [-] o.h.e.jdbc.spi.SqlExceptionHelper - drop cascades to constraint employees_department_id_fkey on table employees
12:05:59.385 INFO  [-] o.s.o.j.LocalContainerEntityManagerFactoryBean - Initialized JPA EntityManagerFactory for persistence unit 'default'
12:05:59.920 INFO  [-] o.s.s.c.a.a.c.InitializeUserDetailsBeanManagerConfigurer$InitializeUserDetailsManagerConfigurer - Global AuthenticationManager configured with UserDetailsService bean with name users
12:06:00.457 INFO  [-] o.s.b.a.h.H2ConsoleAutoConfiguration - H2 console available at '/h2-console'. Database available at 'jdbc:postgresql://localhost:49507/test?loggerLevel=OFF'
12:06:00.535 INFO  [-] o.s.b.t.m.w.SpringBootMockServletContext - Initializing Spring TestDispatcherServlet ''
12:06:00.535 INFO  [-] o.s.t.w.s.TestDispatcherServlet - Initializing Servlet ''
12:06:00.535 INFO  [-] o.s.t.w.s.TestDispatcherServlet - Completed initialization in 0 ms
12:06:00.554 INFO  [-] c.e.a.d.DepartmentControllerIntegrationTest - Started DepartmentControllerIntegrationTest in 2.915 seconds (process running for 41.781)
]]></system-out>
  </testcase>
  <testcase name="should_return_200_when_entity_exists_by_id" classname="com.example.app.department.DepartmentControllerIntegrationTest" time="0.092"/>
  <testcase name="should_return_403_when_create_is_called_by_user_role" classname="com.example.app.department.DepartmentControllerIntegrationTest" time="0.015"/>
  <testcase name="should_return_empty_list_when_all_entities_are_deleted" classname="com.example.app.department.DepartmentControllerIntegrationTest" time="0.047">
    <system-out><![CDATA[12:06:00.891 WARN  [14564d19-bc28-4c74-b993-373284cbaad8] o.s.d.w.c.SpringDataJacksonConfiguration$PageModule$WarningLoggingModifier - Serializing PageImpl instances as-is is not supported, meaning that there is no guarantee about the stability of the resulting JSON structure!
	For a stable JSON structure, please use Spring Data's PagedModel (globally via @EnableSpringDataWebSupport(pageSerializationMode = VIA_DTO))
	or Spring HATEOAS and Spring Data's PagedResourcesAssembler as documented in https://docs.spring.io/spring-data/commons/reference/repositories/core-extensions.html#core.web.pageables.

]]></system-out>
  </testcase>
  <testcase name="should_return_400_when_update_payload_is_empty" classname="com.example.app.department.DepartmentControllerIntegrationTest" time="0.021"/>
  <testcase name="should_return_403_when_find_by_id_is_called_by_user_role" classname="com.example.app.department.DepartmentControllerIntegrationTest" time="0.011"/>
  <testcase name="should_return_401_when_create_is_called_without_authentication" classname="com.example.app.department.DepartmentControllerIntegrationTest" time="0.007"/>
  <testcase name="should_return_403_when_find_all_is_called_by_user_role" classname="com.example.app.department.DepartmentControllerIntegrationTest" time="0.007"/>
  <testcase name="should_return_401_when_find_by_id_is_called_without_authentication" classname="com.example.app.department.DepartmentControllerIntegrationTest" time="0.006"/>
  <testcase name="should_return_400_when_update_request_has_blank_string_fields" classname="com.example.app.department.DepartmentControllerIntegrationTest" time="0.011"/>
  <testcase name="should_return_404_when_fetching_entity_after_delete" classname="com.example.app.department.DepartmentControllerIntegrationTest" time="0.02"/>
  <testcase name="should_return_200_and_update_entity_when_valid_request_is_provided" classname="com.example.app.department.DepartmentControllerIntegrationTest" time="0.024"/>
  <testcase name="should_echo_correlation_id_header_when_provided_in_request" classname="com.example.app.department.DepartmentControllerIntegrationTest" time="0.01"/>
  <testcase name="should_return_400_when_create_request_has_blank_string_fields" classname="com.example.app.department.DepartmentControllerIntegrationTest" time="0.008"/>
  <testcase name="should_return_404_when_updating_non_existent_entity" classname="com.example.app.department.DepartmentControllerIntegrationTest" time="0.008"/>
  <testcase name="should_return_409_when_create_request_has_duplicate_unique_field" classname="com.example.app.department.DepartmentControllerIntegrationTest" time="0.019">
    <system-out><![CDATA[12:06:01.058 WARN  [bb57f7ab-1897-48eb-bc30-9dacaeb64651] o.h.e.jdbc.spi.SqlExceptionHelper - SQL Error: 0, SQLState: 23505
12:06:01.059 ERROR [bb57f7ab-1897-48eb-bc30-9dacaeb64651] o.h.e.jdbc.spi.SqlExceptionHelper - ERROR: duplicate key value violates unique constraint "departments_name_key"
  Detail: Key (name)=(test-security) already exists.
]]></system-out>
  </testcase>
  <testcase name="should_return_200_with_entities_after_create" classname="com.example.app.department.DepartmentControllerIntegrationTest" time="0.027"/>
  <testcase name="should_return_404_when_deleting_non_existent_entity" classname="com.example.app.department.DepartmentControllerIntegrationTest" time="0.015"/>
  <testcase name="should_return_200_with_empty_list_when_no_entities_exist" classname="com.example.app.department.DepartmentControllerIntegrationTest" time="0.011"/>
  <testcase name="should_return_201_and_persist_entity_when_valid_request_is_provided" classname="com.example.app.department.DepartmentControllerIntegrationTest" time="0.017"/>
  <testcase name="should_return_404_when_entity_is_deleted_twice" classname="com.example.app.department.DepartmentControllerIntegrationTest" time="0.028"/>
  <testcase name="should_return_401_when_delete_is_called_without_authentication" classname="com.example.app.department.DepartmentControllerIntegrationTest" time="0.007"/>
  <testcase name="should_return_400_when_id_format_is_invalid" classname="com.example.app.department.DepartmentControllerIntegrationTest" time="0.008"/>
  <testcase name="should_generate_correlation_id_header_when_absent_from_request" classname="com.example.app.department.DepartmentControllerIntegrationTest" time="0.015"/>
  <testcase name="should_return_204_and_remove_entity_when_id_exists" classname="com.example.app.department.DepartmentControllerIntegrationTest" time="0.03"/>
  <testcase name="should_return_400_when_create_payload_is_empty" classname="com.example.app.department.DepartmentControllerIntegrationTest" time="0.011"/>
  <testcase name="should_return_403_when_delete_is_called_by_user_role" classname="com.example.app.department.DepartmentControllerIntegrationTest" time="0.006"/>
  <testcase name="should_return_401_when_find_all_is_called_without_authentication" classname="com.example.app.department.DepartmentControllerIntegrationTest" time="0.008"/>
  <testcase name="should_return_401_when_update_is_called_without_authentication" classname="com.example.app.department.DepartmentControllerIntegrationTest" time="0.007"/>
  <testcase name="should_return_403_when_update_is_called_by_user_role" classname="com.example.app.department.DepartmentControllerIntegrationTest" time="0.01"/>
</testsuite>