<?xml version="1.0" encoding="UTF-8"?>
<testsuite xmlns:xsi="http://www.w3.org/2001/XMLSchema-instance" xsi:noNamespaceSchemaLocation="https://maven.apache.org/surefire/maven-surefire-plugin/xsd/surefire-test-report-3.0.xsd" version="3.0" name="com.example.app.timeOffRequest.TimeOffRequestRepositoryTest" time="2.145" tests="6" errors="0" skipped="0" failures="0">
  <properties>
[...]
</properties>
  <testcase name="should_remove_entity_when_delete_is_called" classname="com.example.app.timeOffRequest.TimeOffRequestRepositoryTest" time="0.035">
    <system-out><![CDATA[12:06:07.762 INFO  [-] o.s.t.c.s.AnnotationConfigContextLoaderUtils - Could not detect default configuration classes for test class [com.example.app.timeOffRequest.TimeOffRequestRepositoryTest]: TimeOffRequestRepositoryTest does not declare any static, non-private, non-final, nested classes annotated with @Configuration.
12:06:07.790 INFO  [-] o.s.b.t.c.SpringBootTestContextBootstrapper - Found @SpringBootConfiguration com.example.app.Application for test class com.example.app.timeOffRequest.TimeOffRequestRepositoryTest
12:06:07.797 INFO  [-] tc.postgres:16-alpine - Creating container for image: postgres:16-alpine
12:06:07.850 INFO  [-] tc.postgres:16-alpine - Container postgres:16-alpine is starting: dcfeac7602ecd4d891895c26aebc7f19f5e7dcd6ff27f9d35d1d1ab3d39d0185
12:06:08.635 INFO  [-] tc.postgres:16-alpine - Container postgres:16-alpine started in PT0.837789S
12:06:08.637 INFO  [-] tc.postgres:16-alpine - Container is started (JDBC URL: jdbc:postgresql://localhost:49539/test?loggerLevel=OFF)

  .   ____          _            __ _ _
 /\\ / ___'_ __ _ _(_)_ __  __ _ \ \ \ \
( ( )\___ | '_ | '_| | '_ \/ _` | \ \ \ \
 \\/  ___)| |_)| | | | | || (_| |  ) ) ) )
  '  |____| .__|_| |_|_| |_\__, | / / / /
 =========|_|==============|___/=/_/_/_/

 :: Spring Boot ::                (v3.3.4)

12:06:08.713 INFO  [-] c.e.a.t.TimeOffRequestRepositoryTest - Starting TimeOffRequestRepositoryTest using Java 24.0.2 with PID 66287 (started by techverito in /Users/techverito/Desktop/employee-management/generated/employee-management)
12:06:08.713 INFO  [-] c.e.a.t.TimeOffRequestRepositoryTest - No active profile set, falling back to 1 default profile: "default"
12:06:08.892 INFO  [-] o.s.d.r.c.RepositoryConfigurationDelegate - Bootstrapping Spring Data JPA repositories in DEFAULT mode.
12:06:08.915 INFO  [-] o.s.d.r.c.RepositoryConfigurationDelegate - Finished Spring Data repository scanning in 21 ms. Found 5 JPA repository interfaces.
12:06:09.003 INFO  [-] o.h.jpa.internal.util.LogHelper - HHH000204: Processing PersistenceUnitInfo [name: default]
12:06:09.013 INFO  [-] o.h.c.i.RegionFactoryInitiator - HHH000026: Second-level cache disabled
12:06:09.035 INFO  [-] o.s.o.j.p.SpringPersistenceUnitInfo - No LoadTimeWeaver setup: ignoring JPA class transformer
12:06:09.037 INFO  [-] com.zaxxer.hikari.HikariDataSource - HikariPool-9 - Starting...
12:06:09.098 INFO  [-] com.zaxxer.hikari.pool.HikariPool - HikariPool-9 - Added connection org.postgresql.jdbc.PgConnection@2bb4b203
12:06:09.099 INFO  [-] com.zaxxer.hikari.HikariDataSource - HikariPool-9 - Start completed.
12:06:09.375 INFO  [-] o.h.e.t.j.p.i.JtaPlatformInitiator - HHH000489: No JTA platform available (set 'hibernate.transaction.jta.platform' to enable JTA platform integration)
Hibernate: 
    alter table if exists employees 
       drop constraint if exists FKgy4qe3dnqrm3ktd76sxp7n4c2
12:06:09.380 WARN  [-] o.h.e.jdbc.spi.SqlExceptionHelper - SQL Warning Code: 0, SQLState: 00000
12:06:09.380 WARN  [-] o.h.e.jdbc.spi.SqlExceptionHelper - relation "employees" does not exist, skipping
Hibernate: 
    drop table if exists departments cascade
12:06:09.382 WARN  [-] o.h.e.jdbc.spi.SqlExceptionHelper - SQL Warning Code: 0, SQLState: 00000
12:06:09.382 WARN  [-] o.h.e.jdbc.spi.SqlExceptionHelper - table "departments" does not exist, skipping
Hibernate: 
    drop table if exists employee_documents cascade
12:06:09.383 WARN  [-] o.h.e.jdbc.spi.SqlExceptionHelper - SQL Warning Code: 0, SQLState: 00000
12:06:09.383 WARN  [-] o.h.e.jdbc.spi.SqlExceptionHelper - table "employee_documents" does not exist, skipping
Hibernate: 
    drop table if exists employees cascade
12:06:09.383 WARN  [-] o.h.e.jdbc.spi.SqlExceptionHelper - SQL Warning Code: 0, SQLState: 00000
12:06:09.383 WARN  [-] o.h.e.jdbc.spi.SqlExceptionHelper - table "employees" does not exist, skipping
Hibernate: 
    drop table if exists time_off_requests cascade
12:06:09.383 WARN  [-] o.h.e.jdbc.spi.SqlExceptionHelper - SQL Warning Code: 0, SQLState: 00000
12:06:09.383 WARN  [-] o.h.e.jdbc.spi.SqlExceptionHelper - table "time_off_requests" does not exist, skipping
Hibernate: 
    drop table if exists users cascade
12:06:09.384 WARN  [-] o.h.e.jdbc.spi.SqlExceptionHelper - SQL Warning Code: 0, SQLState: 00000
12:06:09.384 WARN  [-] o.h.e.jdbc.spi.SqlExceptionHelper - table "users" does not exist, skipping
Hibernate: 
    create table departments (
        created_at timestamp(6) with time zone,
        updated_at timestamp(6) with time zone,
        id uuid not null,
        name varchar(255) not null unique,
        primary key (id)
    )
Hibernate: 
    create table employee_documents (
        created_at timestamp(6) with time zone,
        size_bytes bigint not null,
        updated_at timestamp(6) with time zone,
        employee_id uuid not null,
        id uuid not null,
        mime_type varchar(255) not null,
        original_filename varchar(255) not null,
        storage_path varchar(255) not null,
        primary key (id)
    )
Hibernate: 
    create table employees (
        hire_date date not null,
        created_at timestamp(6) with time zone,
        updated_at timestamp(6) with time zone,
        department_id uuid,
        id uuid not null,
        email varchar(255) not null unique,
        first_name varchar(255) not null,
        job_title varchar(255) not null,
        last_name varchar(255) not null,
        status varchar(255) not null,
        primary key (id)
    )
Hibernate: 
    create table time_off_requests (
        created_at timestamp(6) with time zone,
        updated_at timestamp(6) with time zone,
        employee_id uuid not null,
        id uuid not null,
        manager_id uuid not null,
        status varchar(255) not null,
        primary key (id)
    )
Hibernate: 
    create table users (
        created_at timestamp(6) with time zone,
        updated_at timestamp(6) with time zone,
        id uuid not null,
        email varchar(255) not null unique,
        password_hash varchar(255) not null,
        role varchar(255) not null,
        primary key (id)
    )
Hibernate: 
    alter table if exists employees 
       add constraint FKgy4qe3dnqrm3ktd76sxp7n4c2 
       foreign key (department_id) 
       references departments
12:06:09.397 INFO  [-] o.s.o.j.LocalContainerEntityManagerFactoryBean - Initialized JPA EntityManagerFactory for persistence unit 'default'
12:06:09.590 INFO  [-] c.e.a.t.TimeOffRequestRepositoryTest - Started TimeOffRequestRepositoryTest in 0.946 seconds (process running for 50.818)
Hibernate: 
    select
        tor1_0.id,
        tor1_0.created_at,
        tor1_0.employee_id,
        tor1_0.manager_id,
        tor1_0.status,
        tor1_0.updated_at 
    from
        time_off_requests tor1_0
]]></system-out>
  </testcase>
  <testcase name="should_return_all_entities_when_repository_is_queried" classname="com.example.app.timeOffRequest.TimeOffRequestRepositoryTest" time="0.013">
    <system-out><![CDATA[Hibernate: 
    select
        tor1_0.id,
        tor1_0.created_at,
        tor1_0.employee_id,
        tor1_0.manager_id,
        tor1_0.status,
        tor1_0.updated_at 
    from
        time_off_requests tor1_0
Hibernate: 
    insert 
    into
        time_off_requests
        (created_at, employee_id, manager_id, status, updated_at, id) 
    values
        (?, ?, ?, ?, ?, ?)
Hibernate: 
    insert 
    into
        time_off_requests
        (created_at, employee_id, manager_id, status, updated_at, id) 
    values
        (?, ?, ?, ?, ?, ?)
Hibernate: 
    select
        tor1_0.id,
        tor1_0.created_at,
        tor1_0.employee_id,
        tor1_0.manager_id,
        tor1_0.status,
        tor1_0.updated_at 
    from
        time_off_requests tor1_0
]]></system-out>
  </testcase>
  <testcase name="should_return_empty_when_entity_is_not_found" classname="com.example.app.timeOffRequest.TimeOffRequestRepositoryTest" time="0.008">
    <system-out><![CDATA[Hibernate: 
    select
        tor1_0.id,
        tor1_0.created_at,
        tor1_0.employee_id,
        tor1_0.manager_id,
        tor1_0.status,
        tor1_0.updated_at 
    from
        time_off_requests tor1_0
Hibernate: 
    select
        tor1_0.id,
        tor1_0.created_at,
        tor1_0.employee_id,
        tor1_0.manager_id,
        tor1_0.status,
        tor1_0.updated_at 
    from
        time_off_requests tor1_0 
    where
        tor1_0.id=?
]]></system-out>
  </testcase>
  <testcase name="should_persist_entity_and_assign_id_when_saved" classname="com.example.app.timeOffRequest.TimeOffRequestRepositoryTest" time="0.004">
    <system-out><![CDATA[Hibernate: 
    select
        tor1_0.id,
        tor1_0.created_at,
        tor1_0.employee_id,
        tor1_0.manager_id,
        tor1_0.status,
        tor1_0.updated_at 
    from
        time_off_requests tor1_0
]]></system-out>
  </testcase>
  <testcase name="should_return_zero_count_when_repository_is_empty" classname="com.example.app.timeOffRequest.TimeOffRequestRepositoryTest" time="0.01">
    <system-out><![CDATA[Hibernate: 
    select
        tor1_0.id,
        tor1_0.created_at,
        tor1_0.employee_id,
        tor1_0.manager_id,
        tor1_0.status,
        tor1_0.updated_at 
    from
        time_off_requests tor1_0
Hibernate: 
    select
        count(*) 
    from
        time_off_requests tor1_0
]]></system-out>
  </testcase>
  <testcase name="should_return_present_when_entity_exists_by_id" classname="com.example.app.timeOffRequest.TimeOffRequestRepositoryTest" time="0.009">
    <system-out><![CDATA[Hibernate: 
    select
        tor1_0.id,
        tor1_0.created_at,
        tor1_0.employee_id,
        tor1_0.manager_id,
        tor1_0.status,
        tor1_0.updated_at 
    from
        time_off_requests tor1_0
]]></system-out>
  </testcase>
</testsuite>